<?xml version="1.0" encoding="UTF-8"?>
<!-- Generated by org.testng.reporters.JUnitXMLReporter -->
<testsuite ignored="1" hostname="Kaushiks-MacBook-Pro.local" failures="0" tests="1" name="Error Page Test" time="11.283" errors="0" timestamp="2025-02-10T14:40:18 EST">
  <testcase classname="automationtesting.SeleniumFrameWorkDesign.ErrorValidationTest" name="LoginErrorValidation" time="1.137"/>
  <testcase classname="automationtesting.SeleniumFrameWorkDesign.ErrorValidationTest" name="productErrorValidation" time="0.0">
    <ignored/>
  </testcase> <!-- productErrorValidation -->
</testsuite> <!-- Error Page Test -->
