<?xml version="1.0" encoding="UTF-8"?>
<!-- Generated by org.testng.reporters.JUnitXMLReporter -->
<testsuite ignored="0" hostname="Kaushiks-MacBook-Pro.local" failures="0" tests="3" name="Submit Order Test" time="67.707" errors="0" timestamp="2025-02-11T14:06:24 EST">
  <testcase classname="automationtesting.SeleniumFrameWorkDesign.EnterLoginDetails" name="submitOrder" time="20.046"/>
  <testcase classname="automationtesting.SeleniumFrameWorkDesign.EnterLoginDetails" name="submitOrder" time="16.433"/>
  <testcase classname="automationtesting.SeleniumFrameWorkDesign.EnterLoginDetails" name="orderHistoryTest" time="1.786"/>
</testsuite> <!-- Submit Order Test -->
