<?xml version="1.0" encoding="UTF-8"?>
<!-- Generated by org.testng.reporters.JUnitXMLReporter -->
<testsuite ignored="0" hostname="Kaushiks-MacBook-Pro.local" failures="0" tests="3" name="Submit Order Test" time="72.122" errors="0" timestamp="2025-02-11T16:11:34 EST">
  <testcase classname="automationtesting.SeleniumFrameWorkDesign.EnterLoginDetails" name="submitOrder" time="19.938"/>
  <testcase classname="automationtesting.SeleniumFrameWorkDesign.EnterLoginDetails" name="submitOrder" time="19.533"/>
  <testcase classname="automationtesting.SeleniumFrameWorkDesign.EnterLoginDetails" name="orderHistoryTest" time="5.302"/>
</testsuite> <!-- Submit Order Test -->
